<?xml version="1.0" encoding="UTF-8"?>
<!-- Generated by org.testng.reporters.JUnitReportReporter -->
<testsuite hostname="DESKTOP-1EV5FMN" failures="0" tests="1" name="programming.HelloWorld" time="0.052" errors="0" timestamp="30 May 2021 16:43:25 GMT" skipped="0">
  <testcase classname="programming.HelloWorld" name="testCase_001" time="0.052"/>
</testsuite> <!-- programming.HelloWorld -->
